2025-05-12 20:41:51,256 - semgrep.notifications - WARNING - METRICS: Using configs from the Registry (like --config=p/ci) reports pseudonymous rule metrics to semgrep.dev.
To disable Registry rule metrics, use "--metrics=off".
Using configs only from local files (like --config=xyz.yml) does not enable metrics.

More information: https://semgrep.dev/docs/metrics

2025-05-12 20:41:51,257 - semgrep.run_scan - DEBUG - semgrep version 1.2.0
2025-05-12 20:41:51,261 - semgrep.git - DEBUG - Failed to get project url from 'git ls-remote': Command failed with exit code: 128
-----
Command failed with output:
fatal: No remote configured to list refs from.


Failed to run 'git ls-remote --get-url'. Possible reasons:

- the git binary is not available
- the current working directory is not a git repository
- the baseline commit is not a parent of the current commit
    (if you are running through semgrep-app, check if you are setting `SEMGREP_BRANCH` or `SEMGREP_BASELINE_COMMIT` properly)
- the current working directory is not marked as safe
    (fix with `git config --global --add safe.directory $(pwd)`)

Try running the command yourself to debug the issue.
2025-05-12 20:41:51,262 - semgrep.config_resolver - DEBUG - Loading local config from /home/runner/workspace/.config/.semgrep/semgrep_rules.json
2025-05-12 20:41:51,265 - semgrep.config_resolver - DEBUG - Done loading local config from /home/runner/workspace/.config/.semgrep/semgrep_rules.json
2025-05-12 20:41:51,270 - semgrep.config_resolver - DEBUG - Saving rules to /tmp/semgrep-xzhwcyq2.rules
2025-05-12 20:41:51,548 - semgrep.semgrep_core - DEBUG - Failed to open resource semgrep-core-proprietary: [Errno 2] No such file or directory: '/tmp/_MEIY1J8aZ/semgrep/bin/semgrep-core-proprietary'.
2025-05-12 20:41:52,428 - semgrep.rule_lang - DEBUG - semgrep-core validation response: valid=True
2025-05-12 20:41:52,428 - semgrep.rule_lang - DEBUG - semgrep-core validation succeeded
2025-05-12 20:41:52,428 - semgrep.rule_lang - DEBUG - RPC validation succeeded
2025-05-12 20:41:52,428 - semgrep.config_resolver - DEBUG - loaded 1 configs in 1.166398286819458
2025-05-12 20:41:52,651 - semgrep.run_scan - VERBOSE - running 1250 rules from 1 config /home/runner/workspace/.config/.semgrep/semgrep_rules.json_0
2025-05-12 20:41:52,651 - semgrep.run_scan - VERBOSE - No .semgrepignore found. Using default .semgrepignore rules. See the docs for the list of default ignores: https://semgrep.dev/docs/cli-usage/#ignore-files
2025-05-12 20:41:52,654 - semgrep.run_scan - VERBOSE - Rules:
2025-05-12 20:41:52,654 - semgrep.run_scan - VERBOSE - <SKIPPED DATA (too many entries; use --max-log-list-entries)>
2025-05-12 20:41:53,130 - semgrep.core_runner - DEBUG - Passing whole rules directly to semgrep_core
2025-05-12 20:41:53,332 - semgrep.core_runner - DEBUG - Running Semgrep engine with command:
2025-05-12 20:41:53,332 - semgrep.core_runner - DEBUG - /tmp/_MEIY1J8aZ/semgrep/bin/opengrep-core -json -rules /tmp/tmp7lif0i7c.json -j 8 -targets /tmp/tmpi8zudh3o -timeout 5 -timeout_threshold 3 -max_memory 0 -fast
2025-05-12 20:41:57,629 - semgrep.core_runner - DEBUG - --- semgrep-core stderr ---
[00.07][[34mINFO[0m]: Executed as: /tmp/_MEIY1J8aZ/semgrep/bin/opengrep-core -json -rules /tmp/tmp7lif0i7c.json -j 8 -targets /tmp/tmpi8zudh3o -timeout 5 -timeout_threshold 3 -max_memory 0 -fast
[00.07][[34mINFO[0m]: Version: 1.2.0
[00.07][[34mINFO[0m]: Parsing rules in /tmp/tmp7lif0i7c.json
[00.94][[34mINFO[0m]: scan: processing 257 files (skipping 0), with 487 rules (skipping 0 )
[03.28][[33mWARNING[0m]: Fixpoint timeout while performing taint analysis [rule: config..semgrep.vendored-rules.typescript.react.security.audit.react-href-var file: client/src/components/Contact.tsx func: ???]
[0m[04.24][[34mINFO[0m]: Custom ignore pattern: None
[04.24][[34mINFO[0m]: Custom ignore pattern: None
--- end semgrep-core stderr ---
2025-05-12 20:41:57,637 - semgrep.rule_match - DEBUG - match_key = ('', PosixPath('client/index.html'), 'config..semgrep.vendored-rules.html.security.audit.missing-integrity') match_id = 0ee74fd49637bebe183eca7188dbde26e386314e62cc2e7ba1ee60b377b638243fcd84e6c6fa04886198ccacfa6a711bfbcc61a28f9ddc913d5b3c53083cbc90_0
2025-05-12 20:41:57,638 - semgrep.rule_match - DEBUG - match_key = (' rel="stylesheet" href="https://cdnjs.cloudflare.com/ajax/libs/font-awesome/6.4.0/css/all.min.css" (?is).*integrity= (google-analytics\\.com|fonts\\.googleapis\\.com|fonts\\.gstatic\\.com|googletagmanager\\.com) .*rel\\s*=\\s*[\'"]?preconnect.* href="... :// ..." href="//..." href=\'... :// ...\' href=\'//...\' src="... :// ..." src="//..." src=\'... :// ...\' src=\'//...\' <link  rel="stylesheet" href="https://cdnjs.cloudflare.com/ajax/libs/font-awesome/6.4.0/css/all.min.css" > <script  rel="stylesheet" href="https://cdnjs.cloudflare.com/ajax/libs/font-awesome/6.4.0/css/all.min.css" >...</script>', PosixPath('client/index.html'), 'config..semgrep.vendored-rules.html.security.audit.missing-integrity') match_id = adf34343d6be96447b85230df74b5423013b6f397ca1ee8ccbc07a073ba10f0983c4b0b35a5af316de0d1d48282b1618c59c38f99ebdcc2ee93f24aea49f7101_0
2025-05-12 20:41:57,638 - semgrep.rule_match - DEBUG - match_key = (' rel="stylesheet" href="https://cdnjs.cloudflare.com/ajax/libs/font-awesome/6.4.0/css/all.min.css" (?is).*integrity= (google-analytics\\.com|fonts\\.googleapis\\.com|fonts\\.gstatic\\.com|googletagmanager\\.com) .*rel\\s*=\\s*[\'"]?preconnect.* href="... :// ..." href="//..." href=\'... :// ...\' href=\'//...\' src="... :// ..." src="//..." src=\'... :// ...\' src=\'//...\' <link  rel="stylesheet" href="https://cdnjs.cloudflare.com/ajax/libs/font-awesome/6.4.0/css/all.min.css" > <script  rel="stylesheet" href="https://cdnjs.cloudflare.com/ajax/libs/font-awesome/6.4.0/css/all.min.css" >...</script>', PosixPath('client/index.html'), 'config..semgrep.vendored-rules.html.security.audit.missing-integrity') match_id = adf34343d6be96447b85230df74b5423013b6f397ca1ee8ccbc07a073ba10f0983c4b0b35a5af316de0d1d48282b1618c59c38f99ebdcc2ee93f24aea49f7101_0
2025-05-12 20:41:57,639 - semgrep.rule_match - DEBUG - match_key = (' rel="stylesheet" href="https://cdnjs.cloudflare.com/ajax/libs/font-awesome/6.4.0/css/all.min.css" (?is).*integrity= (google-analytics\\.com|fonts\\.googleapis\\.com|fonts\\.gstatic\\.com|googletagmanager\\.com) .*rel\\s*=\\s*[\'"]?preconnect.* href="... :// ..." href="//..." href=\'... :// ...\' href=\'//...\' src="... :// ..." src="//..." src=\'... :// ...\' src=\'//...\' <link  rel="stylesheet" href="https://cdnjs.cloudflare.com/ajax/libs/font-awesome/6.4.0/css/all.min.css" > <script  rel="stylesheet" href="https://cdnjs.cloudflare.com/ajax/libs/font-awesome/6.4.0/css/all.min.css" >...</script>', PosixPath('client/index.html'), 'config..semgrep.vendored-rules.html.security.audit.missing-integrity') match_id = adf34343d6be96447b85230df74b5423013b6f397ca1ee8ccbc07a073ba10f0983c4b0b35a5af316de0d1d48282b1618c59c38f99ebdcc2ee93f24aea49f7101_0
2025-05-12 20:41:57,639 - semgrep.rule_match - DEBUG - match_key = ('', PosixPath('client/index.html'), 'config..semgrep.vendored-rules.html.security.audit.missing-integrity') match_id = 0ee74fd49637bebe183eca7188dbde26e386314e62cc2e7ba1ee60b377b638243fcd84e6c6fa04886198ccacfa6a711bfbcc61a28f9ddc913d5b3c53083cbc90_0
2025-05-12 20:41:57,640 - semgrep.rule_match - DEBUG - match_key = (' type="text/javascript" src="https://replit.com/public/js/replit-dev-banner.js" (?is).*integrity= (google-analytics\\.com|fonts\\.googleapis\\.com|fonts\\.gstatic\\.com|googletagmanager\\.com) .*rel\\s*=\\s*[\'"]?preconnect.* href="... :// ..." href="//..." href=\'... :// ...\' href=\'//...\' src="... :// ..." src="//..." src=\'... :// ...\' src=\'//...\' <link  type="text/javascript" src="https://replit.com/public/js/replit-dev-banner.js" > <script  type="text/javascript" src="https://replit.com/public/js/replit-dev-banner.js" >...</script>', PosixPath('client/index.html'), 'config..semgrep.vendored-rules.html.security.audit.missing-integrity') match_id = 0728b64e224596592d04447ba8a642ff94e1fb9fcc07be26d49dc7e7f6898e638ad16ffcaca086932c58f4c6400fe32603323afef02cf9bfebcb0e4a53562a40_0
2025-05-12 20:41:57,640 - semgrep.rule_match - DEBUG - match_key = (' type="text/javascript" src="https://replit.com/public/js/replit-dev-banner.js" (?is).*integrity= (google-analytics\\.com|fonts\\.googleapis\\.com|fonts\\.gstatic\\.com|googletagmanager\\.com) .*rel\\s*=\\s*[\'"]?preconnect.* href="... :// ..." href="//..." href=\'... :// ...\' href=\'//...\' src="... :// ..." src="//..." src=\'... :// ...\' src=\'//...\' <link  type="text/javascript" src="https://replit.com/public/js/replit-dev-banner.js" > <script  type="text/javascript" src="https://replit.com/public/js/replit-dev-banner.js" >...</script>', PosixPath('client/index.html'), 'config..semgrep.vendored-rules.html.security.audit.missing-integrity') match_id = 0728b64e224596592d04447ba8a642ff94e1fb9fcc07be26d49dc7e7f6898e638ad16ffcaca086932c58f4c6400fe32603323afef02cf9bfebcb0e4a53562a40_0
2025-05-12 20:41:57,641 - semgrep.rule_match - DEBUG - match_key = (' type="text/javascript" src="https://replit.com/public/js/replit-dev-banner.js" (?is).*integrity= (google-analytics\\.com|fonts\\.googleapis\\.com|fonts\\.gstatic\\.com|googletagmanager\\.com) .*rel\\s*=\\s*[\'"]?preconnect.* href="... :// ..." href="//..." href=\'... :// ...\' href=\'//...\' src="... :// ..." src="//..." src=\'... :// ...\' src=\'//...\' <link  type="text/javascript" src="https://replit.com/public/js/replit-dev-banner.js" > <script  type="text/javascript" src="https://replit.com/public/js/replit-dev-banner.js" >...</script>', PosixPath('client/index.html'), 'config..semgrep.vendored-rules.html.security.audit.missing-integrity') match_id = 0728b64e224596592d04447ba8a642ff94e1fb9fcc07be26d49dc7e7f6898e638ad16ffcaca086932c58f4c6400fe32603323afef02cf9bfebcb0e4a53562a40_0
2025-05-12 20:41:57,642 - semgrep.rule_match - DEBUG - match_key = ('', PosixPath('client/src/components/Contact.tsx'), 'config..semgrep.vendored-rules.javascript.lang.security.audit.unsafe-formatstring') match_id = 13adf7383e83ac58db242c95d2ae34ac8344b2231fc8f619e5845d08352659c90e22f01cf1f05cfd353d4542032555db18bb89cff2d5b8c060bdc45c3e6dce8e_0
2025-05-12 20:41:57,643 - semgrep.rule_match - DEBUG - match_key = ('"..." + "..."\n "Email sent successfully to " + recipientEmail "Email sent successfully to ".concat(recipientEmail) `...${...}...`\n "Email sent successfully to ".concat("...")\n "Email sent successfully to "+recipientEmail+":" $UTIL = require(\'util\')\n...\n $UTIL.format("Email sent successfully to "+recipientEmail+":",result.text,...)\n console.log("Email sent successfully to "+recipientEmail+":",result.text,...)\n', PosixPath('client/src/components/Contact.tsx'), 'config..semgrep.vendored-rules.javascript.lang.security.audit.unsafe-formatstring') match_id = 9f35089020aea8fd12f2515712f5bb4125bc714c8d8ffb33dcc205783b904b78779a20be526aaeff89959260d78e7d96a68a3973883a409d298e7d1583701b1e_0
2025-05-12 20:41:57,643 - semgrep.rule_match - DEBUG - match_key = ('"..." + "..."\n "Email sent successfully to " + recipientEmail "Email sent successfully to ".concat(recipientEmail) `...${...}...`\n "Email sent successfully to ".concat("...")\n "Email sent successfully to "+recipientEmail+":" $UTIL = require(\'util\')\n...\n $UTIL.format("Email sent successfully to "+recipientEmail+":",result.text,...)\n console.log("Email sent successfully to "+recipientEmail+":",result.text,...)\n', PosixPath('client/src/components/Contact.tsx'), 'config..semgrep.vendored-rules.javascript.lang.security.audit.unsafe-formatstring') match_id = 9f35089020aea8fd12f2515712f5bb4125bc714c8d8ffb33dcc205783b904b78779a20be526aaeff89959260d78e7d96a68a3973883a409d298e7d1583701b1e_0
2025-05-12 20:41:57,644 - semgrep.rule_match - DEBUG - match_key = ('"..." + "..."\n "Email sent successfully to " + recipientEmail "Email sent successfully to ".concat(recipientEmail) `...${...}...`\n "Email sent successfully to ".concat("...")\n "Email sent successfully to "+recipientEmail+":" $UTIL = require(\'util\')\n...\n $UTIL.format("Email sent successfully to "+recipientEmail+":",result.text,...)\n console.log("Email sent successfully to "+recipientEmail+":",result.text,...)\n', PosixPath('client/src/components/Contact.tsx'), 'config..semgrep.vendored-rules.javascript.lang.security.audit.unsafe-formatstring') match_id = 9f35089020aea8fd12f2515712f5bb4125bc714c8d8ffb33dcc205783b904b78779a20be526aaeff89959260d78e7d96a68a3973883a409d298e7d1583701b1e_0
2025-05-12 20:41:57,648 - semgrep.core_runner - DEBUG - semgrep ran in 0:00:04.517905 on 88 files
2025-05-12 20:41:57,650 - semgrep.core_runner - DEBUG - findings summary: 2 warning, 0 error, 1 info
2025-05-12 20:41:57,654 - semgrep.app.auth - DEBUG - Getting API token from settings file
2025-05-12 20:41:57,654 - semgrep.app.auth - DEBUG - No API token found in settings file
2025-05-12 20:41:57,655 - semgrep.semgrep_core - DEBUG - Failed to open resource semgrep-core-proprietary: [Errno 2] No such file or directory: '/tmp/_MEIY1J8aZ/semgrep/bin/semgrep-core-proprietary'.
2025-05-12 20:41:57,780 - semgrep.output - VERBOSE - 
========================================
Files skipped:
========================================

  Always skipped by Opengrep:

   • <none>

  Skipped by .gitignore:
  (Disable by passing --no-git-ignore)

   • <all files not listed by `git ls-files` were skipped>

  Skipped by .semgrepignore:
  - https://semgrep.dev/docs/ignoring-files-folders-code/#understand-semgrep-defaults

   • <none>

  Skipped by --include patterns:

   • <none>

  Skipped by --exclude patterns:

   • <none>

  Files skipped due to insufficient read permissions:

   • <none>

  Skipped by limiting to files smaller than 1000000 bytes:
  (Adjust with the --max-target-bytes flag)

   • generated-icon.png

  Partially analyzed due to parsing or internal Opengrep errors

   • tailwind.config.ts (1 lines skipped)

2025-05-12 20:41:57,782 - semgrep.output - INFO - Some files were skipped or only partially analyzed.
  Scan was limited to files tracked by git.
  Partially scanned: 1 files only partially analyzed due to parsing or internal Opengrep errors
  Scan skipped: 1 files larger than 1.0 MB
  For a full list of skipped files, run opengrep with the --verbose flag.

Ran 443 rules on 88 files: 3 findings.
2025-05-12 20:41:57,782 - semgrep.app.version - DEBUG - Version cache does not exist
2025-05-12 20:41:57,813 - semgrep.metrics - VERBOSE - Not sending pseudonymous metrics since metrics are configured to OFF and registry usage is False
